<?xml version="1.0" encoding="UTF-8"?>
<!-- Generated by org.testng.reporters.JUnitReportReporter -->
<testsuite ignored="0" hostname="DESKTOP-1F842IT" failures="0" tests="1" name="test.TestSel" time="7.835" errors="0" timestamp="26 mar. 2022 16:55:46 GMT" skipped="0">
  <testcase classname="test.TestSel" name="selenium_test01" time="7.835"/>
</testsuite> <!-- test.TestSel -->
