<?xml version="1.0" encoding="UTF-8"?>
<!-- Generated by org.testng.reporters.JUnitReportReporter -->
<testsuite ignored="0" hostname="DESKTOP-1F842IT" failures="0" tests="1" name="test.TestSet" time="12.396" errors="0" timestamp="26 mar. 2022 16:53:34 GMT" skipped="0">
  <testcase classname="test.TestSet" name="selenium_test01" time="12.396"/>
</testsuite> <!-- test.TestSet -->
